<?xml version="1.0" encoding="UTF-8"?>
<!-- Generated by org.testng.reporters.JUnitReportReporter -->
<testsuite hostname="IBM-JQCV2F3" failures="0" tests="4" name="TestRunner.testRunner" time="191.667" errors="0" timestamp="2023-05-04T13:41:05 IST" skipped="0">
  <testcase classname="TestRunner.testRunner" name="runScenario" time="19.292"/>
  <system-out/>
  <testcase classname="TestRunner.testRunner" name="runScenario" time="28.395"/>
  <system-out/>
  <testcase classname="TestRunner.testRunner" name="runScenario" time="97.158"/>
  <system-out/>
  <testcase classname="TestRunner.testRunner" name="runScenario" time="46.822"/>
  <system-out/>
</testsuite> <!-- TestRunner.testRunner -->
