<?xml version="1.0" encoding="UTF-8"?>
<!-- Generated by org.testng.reporters.JUnitReportReporter -->
<testsuite hostname="IBM-JQCV2F3" failures="0" tests="1" name="TestRunner.testRunner" time="11.222" errors="0" timestamp="2023-04-05T10:50:44 IST" skipped="0">
  <testcase classname="TestRunner.testRunner" name="runScenario" time="11.222"/>
  <system-out/>
</testsuite> <!-- TestRunner.testRunner -->
