<?xml version="1.0" encoding="UTF-8"?>
<!-- Generated by org.testng.reporters.JUnitReportReporter -->
<testsuite hostname="IBM-JQCV2F3" failures="0" tests="2" name="TestRunner.testRunner" time="19.627" errors="0" timestamp="2023-04-05T12:04:09 IST" skipped="0">
  <testcase classname="TestRunner.testRunner" name="runScenario" time="6.808"/>
  <system-out/>
  <testcase classname="TestRunner.testRunner" name="runScenario" time="12.819"/>
  <system-out/>
</testsuite> <!-- TestRunner.testRunner -->
