<?xml version="1.0" encoding="UTF-8"?>
<!-- Generated by org.testng.reporters.JUnitReportReporter -->
<testsuite hostname="IBM-JQCV2F3" failures="0" tests="2" name="TestRunner.testRunner" time="17.625" errors="0" timestamp="2023-04-05T12:56:41 IST" skipped="0">
  <testcase classname="TestRunner.testRunner" name="runScenario" time="6.239"/>
  <system-out/>
  <testcase classname="TestRunner.testRunner" name="runScenario" time="11.386"/>
  <system-out/>
</testsuite> <!-- TestRunner.testRunner -->
