<?xml version="1.0" encoding="UTF-8"?>
<!-- Generated by org.testng.reporters.JUnitReportReporter -->
<testsuite hostname="IBM-JQCV2F3" failures="0" tests="4" name="StepDefinations.testRunner" time="110.509" errors="0" timestamp="2023-04-11T12:55:46 IST" skipped="0">
  <testcase classname="StepDefinations.testRunner" name="runScenario" time="32.643"/>
  <system-out/>
  <testcase classname="StepDefinations.testRunner" name="runScenario" time="25.477"/>
  <system-out/>
  <testcase classname="StepDefinations.testRunner" name="runScenario" time="17.496"/>
  <system-out/>
  <testcase classname="StepDefinations.testRunner" name="runScenario" time="34.893"/>
  <system-out/>
</testsuite> <!-- StepDefinations.testRunner -->
