<?xml version="1.0" encoding="UTF-8"?>
<!-- Generated by org.testng.reporters.JUnitReportReporter -->
<testsuite hostname="IBM-JQCV2F3" failures="0" tests="4" name="TestRunner.testRunner" time="152.544" errors="0" timestamp="2023-05-03T13:55:54 IST" skipped="0">
  <testcase classname="TestRunner.testRunner" name="runScenario" time="17.860"/>
  <system-out/>
  <testcase classname="TestRunner.testRunner" name="runScenario" time="71.236"/>
  <system-out/>
  <testcase classname="TestRunner.testRunner" name="runScenario" time="39.017"/>
  <system-out/>
  <testcase classname="TestRunner.testRunner" name="runScenario" time="24.431"/>
  <system-out/>
</testsuite> <!-- TestRunner.testRunner -->
