<?xml version="1.0" encoding="UTF-8"?>
<!-- Generated by org.testng.reporters.JUnitReportReporter -->
<testsuite hostname="IBM-JQCV2F3" failures="0" tests="1" name="Test.YouTubeTest" time="5.103" errors="0" timestamp="2023-02-14T11:48:43 IST" skipped="0">
  <testcase classname="Test.YouTubeTest" name="first" time="5.103"/>
  <system-out/>
</testsuite> <!-- Test.YouTubeTest -->
