<?xml version="1.0" encoding="UTF-8"?>
<!-- Generated by org.testng.reporters.JUnitReportReporter -->
<testsuite hostname="IBM-JQCV2F3" failures="0" tests="2" name="TestRunner.testRunner" time="0.114" errors="2" timestamp="2023-04-10T15:14:25 IST" skipped="0">
  <testcase classname="TestRunner.testRunner" name="runScenario" time="0.016">
    <error message="Cannot invoke &quot;org.openqa.selenium.edge.EdgeOptions.addArguments(String[])&quot; because &quot;StepDefinations.Base.options&quot; is null" type="java.lang.NullPointerException">
      <![CDATA[java.lang.NullPointerException: Cannot invoke "org.openqa.selenium.edge.EdgeOptions.addArguments(String[])" because "StepDefinations.Base.options" is null
at StepDefinations.Base.setup(Base.java:33)
]]>
    </error>
  </testcase> <!-- runScenario -->
  <system-out/>
  <testcase classname="TestRunner.testRunner" name="runScenario" time="0.098">
    <error message="Cannot invoke &quot;org.openqa.selenium.edge.EdgeOptions.addArguments(String[])&quot; because &quot;StepDefinations.Base.options&quot; is null" type="java.lang.NullPointerException">
      <![CDATA[java.lang.NullPointerException: Cannot invoke "org.openqa.selenium.edge.EdgeOptions.addArguments(String[])" because "StepDefinations.Base.options" is null
at StepDefinations.Base.setup(Base.java:33)
]]>
    </error>
  </testcase> <!-- runScenario -->
  <system-out/>
</testsuite> <!-- TestRunner.testRunner -->
